<?xml version="1.0" encoding="UTF-8"?>
<!-- Generated by org.testng.reporters.JUnitReportReporter -->
<testsuite skipped="0" hostname="shubham-PC" name="org.automation.testcases.TC001_ValidateLogin" tests="1" failures="0" timestamp="04 Dec 2017 18:10:23 GMT" time="35.879" errors="0">
  <testcase name="validateLogin" time="35.879" classname="org.automation.testcases.TC001_ValidateLogin"/>
</testsuite> <!-- org.automation.testcases.TC001_ValidateLogin -->
