<?xml version="1.0" encoding="UTF-8"?>
<!-- Generated by org.testng.reporters.JUnitReportReporter -->
<testsuite skipped="0" hostname="shubham-PC" name="org.automation.testcases.TC002_CreateSignup" tests="1" failures="0" timestamp="04 Dec 2017 18:09:19 GMT" time="13.885" errors="0">
  <testcase name="signUpsubmit" time="13.885" classname="org.automation.testcases.TC002_CreateSignup"/>
</testsuite> <!-- org.automation.testcases.TC002_CreateSignup -->
