<?xml version="1.0" encoding="UTF-8"?>
<!-- Generated by org.testng.reporters.JUnitReportReporter -->
<testsuite skipped="0" hostname="DESKTOP-KVV1592" name="org.automation.testcases.TC001_ValidateLogin" tests="3" failures="0" timestamp="04 Feb 2019 13:21:56 GMT" time="63.070" errors="0">
  <testcase name="validateLogin" time="14.687" classname="org.automation.testcases.TC001_ValidateLogin"/>
  <testcase name="validateLogin" time="17.692" classname="org.automation.testcases.TC001_ValidateLogin"/>
  <testcase name="validateLogin" time="30.691" classname="org.automation.testcases.TC001_ValidateLogin"/>
</testsuite> <!-- org.automation.testcases.TC001_ValidateLogin -->
